0 info it worked if it ends with ok
1 verbose cli [ '/home/loukili/.nvm/versions/node/v0.12.2/bin/node',
1 verbose cli   '/home/loukili/.nvm/versions/node/v0.12.2/bin/npm',
1 verbose cli   'publish' ]
2 info using npm@2.7.4
3 info using node@v0.12.2
4 verbose publish [ '.' ]
5 verbose stack Error: Failed to parse json
5 verbose stack Unexpected token ' ' at 4:120
5 verbose stack une requête vers HAL pour récupérer les métadonnées de l'article.\n
5 verbose stack                                                                     ^
5 verbose stack     at parseError (/home/loukili/.nvm/versions/node/v0.12.2/lib/node_modules/npm/node_modules/read-package-json/read-json.js:406:25)
5 verbose stack     at parseJson (/home/loukili/.nvm/versions/node/v0.12.2/lib/node_modules/npm/node_modules/read-package-json/read-json.js:86:51)
5 verbose stack     at /home/loukili/.nvm/versions/node/v0.12.2/lib/node_modules/npm/node_modules/read-package-json/read-json.js:60:33
5 verbose stack     at evalmachine.<anonymous>:334:14
5 verbose stack     at /home/loukili/.nvm/versions/node/v0.12.2/lib/node_modules/npm/node_modules/graceful-fs/graceful-fs.js:102:5
5 verbose stack     at FSReqWrap.oncomplete (evalmachine.<anonymous>:95:15)
6 verbose cwd /home/loukili/methal
7 error Linux 3.13.0-48-generic
8 error argv "/home/loukili/.nvm/versions/node/v0.12.2/bin/node" "/home/loukili/.nvm/versions/node/v0.12.2/bin/npm" "publish"
9 error node v0.12.2
10 error npm  v2.7.4
11 error file /home/loukili/methal/package.json
12 error code EJSONPARSE
13 error Failed to parse json
13 error Unexpected token ' ' at 4:120
13 error une requête vers HAL pour récupérer les métadonnées de l'article.\n
13 error                                                                     ^
14 error File: /home/loukili/methal/package.json
15 error Failed to parse package.json data.
15 error package.json must be actual JSON, not just JavaScript.
15 error
15 error This is not a bug in npm.
15 error Tell the package author to fix their package.json file. JSON.parse
16 verbose exit [ 1, true ]
